{"/home/bugra/Documents/MiniProject/gdal3.js/src/allJsFunctions/application/gdal_rasterize.js": {"path":"/home/bugra/Documents/MiniProject/gdal3.js/src/allJsFunctions/application/gdal_rasterize.js","statementMap":{"0":{"start":{"line":30,"column":16},"end":{"line":30,"column":86}},"1":{"start":{"line":31,"column":2},"end":{"line":59,"column":5}},"2":{"start":{"line":32,"column":17},"end":{"line":32,"column":36}},"3":{"start":{"line":33,"column":21},"end":{"line":33,"column":76}},"4":{"start":{"line":34,"column":22},"end":{"line":34,"column":48}},"5":{"start":{"line":35,"column":14},"end":{"line":35,"column":19}},"6":{"start":{"line":37,"column":4},"end":{"line":41,"column":5}},"7":{"start":{"line":38,"column":23},"end":{"line":38,"column":43}},"8":{"start":{"line":39,"column":19},"end":{"line":39,"column":45}},"9":{"start":{"line":40,"column":6},"end":{"line":40,"column":41}},"10":{"start":{"line":40,"column":18},"end":{"line":40,"column":41}},"11":{"start":{"line":43,"column":21},"end":{"line":43,"column":50}},"12":{"start":{"line":44,"column":19},"end":{"line":44,"column":81}},"13":{"start":{"line":45,"column":21},"end":{"line":45,"column":99}},"14":{"start":{"line":46,"column":4},"end":{"line":46,"column":55}},"15":{"start":{"line":47,"column":4},"end":{"line":47,"column":25}},"16":{"start":{"line":48,"column":4},"end":{"line":48,"column":40}},"17":{"start":{"line":50,"column":4},"end":{"line":58,"column":5}},"18":{"start":{"line":51,"column":18},"end":{"line":51,"column":32}},"19":{"start":{"line":52,"column":6},"end":{"line":52,"column":20}},"20":{"start":{"line":54,"column":6},"end":{"line":57,"column":9}}},"fnMap":{"0":{"name":"gdal_rasterize","decl":{"start":{"line":29,"column":24},"end":{"line":29,"column":38}},"loc":{"start":{"line":29,"column":48},"end":{"line":60,"column":1}},"line":29},"1":{"name":"(anonymous_1)","decl":{"start":{"line":31,"column":21},"end":{"line":31,"column":22}},"loc":{"start":{"line":31,"column":48},"end":{"line":59,"column":3}},"line":31}},"branchMap":{"0":{"loc":{"start":{"line":30,"column":16},"end":{"line":30,"column":86}},"type":"cond-expr","locations":[{"start":{"line":30,"column":69},"end":{"line":30,"column":81}},{"start":{"line":30,"column":84},"end":{"line":30,"column":86}}],"line":30},"1":{"loc":{"start":{"line":30,"column":16},"end":{"line":30,"column":66}},"type":"binary-expr","locations":[{"start":{"line":30,"column":16},"end":{"line":30,"column":36}},{"start":{"line":30,"column":40},"end":{"line":30,"column":66}}],"line":30},"2":{"loc":{"start":{"line":37,"column":4},"end":{"line":41,"column":5}},"type":"if","locations":[{"start":{"line":37,"column":4},"end":{"line":41,"column":5}},{"start":{"line":37,"column":4},"end":{"line":41,"column":5}}],"line":37},"3":{"loc":{"start":{"line":40,"column":6},"end":{"line":40,"column":41}},"type":"if","locations":[{"start":{"line":40,"column":6},"end":{"line":40,"column":41}},{"start":{"line":40,"column":6},"end":{"line":40,"column":41}}],"line":40},"4":{"loc":{"start":{"line":50,"column":4},"end":{"line":58,"column":5}},"type":"if","locations":[{"start":{"line":50,"column":4},"end":{"line":58,"column":5}},{"start":{"line":50,"column":4},"end":{"line":58,"column":5}}],"line":50}},"s":{"0":2,"1":2,"2":2,"3":2,"4":2,"5":2,"6":2,"7":2,"8":2,"9":2,"10":2,"11":2,"12":2,"13":2,"14":2,"15":2,"16":2,"17":2,"18":1,"19":1,"20":1},"f":{"0":2,"1":2},"b":{"0":[2,0],"1":[2,2],"2":[2,0],"3":[2,0],"4":[1,1]},"_coverageSchema":"1a1c01bbd47fc00a2c39e90264f33305004495a9","hash":"596e8f1163d31f4a2c799fd52bb8002569628099"}
,"/home/bugra/Documents/MiniProject/gdal3.js/src/allJsFunctions/application/gdal_translate.js": {"path":"/home/bugra/Documents/MiniProject/gdal3.js/src/allJsFunctions/application/gdal_translate.js","statementMap":{"0":{"start":{"line":30,"column":16},"end":{"line":30,"column":86}},"1":{"start":{"line":31,"column":2},"end":{"line":59,"column":5}},"2":{"start":{"line":32,"column":17},"end":{"line":32,"column":36}},"3":{"start":{"line":33,"column":30},"end":{"line":33,"column":85}},"4":{"start":{"line":34,"column":22},"end":{"line":34,"column":48}},"5":{"start":{"line":35,"column":14},"end":{"line":35,"column":23}},"6":{"start":{"line":37,"column":4},"end":{"line":41,"column":5}},"7":{"start":{"line":38,"column":23},"end":{"line":38,"column":43}},"8":{"start":{"line":39,"column":19},"end":{"line":39,"column":45}},"9":{"start":{"line":40,"column":6},"end":{"line":40,"column":41}},"10":{"start":{"line":40,"column":18},"end":{"line":40,"column":41}},"11":{"start":{"line":43,"column":21},"end":{"line":43,"column":50}},"12":{"start":{"line":44,"column":19},"end":{"line":44,"column":81}},"13":{"start":{"line":45,"column":21},"end":{"line":45,"column":102}},"14":{"start":{"line":46,"column":4},"end":{"line":46,"column":64}},"15":{"start":{"line":47,"column":4},"end":{"line":47,"column":25}},"16":{"start":{"line":48,"column":4},"end":{"line":48,"column":40}},"17":{"start":{"line":50,"column":4},"end":{"line":58,"column":5}},"18":{"start":{"line":51,"column":18},"end":{"line":51,"column":32}},"19":{"start":{"line":52,"column":6},"end":{"line":52,"column":20}},"20":{"start":{"line":54,"column":6},"end":{"line":57,"column":9}}},"fnMap":{"0":{"name":"gdal_translate","decl":{"start":{"line":29,"column":24},"end":{"line":29,"column":38}},"loc":{"start":{"line":29,"column":48},"end":{"line":60,"column":1}},"line":29},"1":{"name":"(anonymous_1)","decl":{"start":{"line":31,"column":21},"end":{"line":31,"column":22}},"loc":{"start":{"line":31,"column":48},"end":{"line":59,"column":3}},"line":31}},"branchMap":{"0":{"loc":{"start":{"line":30,"column":16},"end":{"line":30,"column":86}},"type":"cond-expr","locations":[{"start":{"line":30,"column":69},"end":{"line":30,"column":81}},{"start":{"line":30,"column":84},"end":{"line":30,"column":86}}],"line":30},"1":{"loc":{"start":{"line":30,"column":16},"end":{"line":30,"column":66}},"type":"binary-expr","locations":[{"start":{"line":30,"column":16},"end":{"line":30,"column":36}},{"start":{"line":30,"column":40},"end":{"line":30,"column":66}}],"line":30},"2":{"loc":{"start":{"line":37,"column":4},"end":{"line":41,"column":5}},"type":"if","locations":[{"start":{"line":37,"column":4},"end":{"line":41,"column":5}},{"start":{"line":37,"column":4},"end":{"line":41,"column":5}}],"line":37},"3":{"loc":{"start":{"line":40,"column":6},"end":{"line":40,"column":41}},"type":"if","locations":[{"start":{"line":40,"column":6},"end":{"line":40,"column":41}},{"start":{"line":40,"column":6},"end":{"line":40,"column":41}}],"line":40},"4":{"loc":{"start":{"line":50,"column":4},"end":{"line":58,"column":5}},"type":"if","locations":[{"start":{"line":50,"column":4},"end":{"line":58,"column":5}},{"start":{"line":50,"column":4},"end":{"line":58,"column":5}}],"line":50}},"s":{"0":123,"1":123,"2":123,"3":123,"4":123,"5":123,"6":123,"7":122,"8":122,"9":122,"10":122,"11":123,"12":123,"13":123,"14":123,"15":123,"16":123,"17":123,"18":1,"19":1,"20":122},"f":{"0":123,"1":123},"b":{"0":[123,0],"1":[123,123],"2":[122,1],"3":[122,0],"4":[1,122]},"_coverageSchema":"1a1c01bbd47fc00a2c39e90264f33305004495a9","hash":"035f9690c18323b09926814eccc9e1798468ca2e"}
,"/home/bugra/Documents/MiniProject/gdal3.js/src/allJsFunctions/application/gdaltransform.js": {"path":"/home/bugra/Documents/MiniProject/gdal3.js/src/allJsFunctions/application/gdaltransform.js","statementMap":{"0":{"start":{"line":30,"column":2},"end":{"line":124,"column":5}},"1":{"start":{"line":31,"column":18},"end":{"line":33,"column":7}},"2":{"start":{"line":32,"column":6},"end":{"line":32,"column":18}},"3":{"start":{"line":34,"column":18},"end":{"line":36,"column":7}},"4":{"start":{"line":35,"column":6},"end":{"line":35,"column":18}},"5":{"start":{"line":37,"column":18},"end":{"line":39,"column":7}},"6":{"start":{"line":38,"column":6},"end":{"line":38,"column":23}},"7":{"start":{"line":41,"column":23},"end":{"line":41,"column":95}},"8":{"start":{"line":43,"column":23},"end":{"line":43,"column":95}},"9":{"start":{"line":45,"column":23},"end":{"line":45,"column":95}},"10":{"start":{"line":47,"column":4},"end":{"line":47,"column":88}},"11":{"start":{"line":48,"column":4},"end":{"line":48,"column":88}},"12":{"start":{"line":49,"column":4},"end":{"line":49,"column":88}},"13":{"start":{"line":50,"column":19},"end":{"line":50,"column":24}},"14":{"start":{"line":51,"column":20},"end":{"line":51,"column":25}},"15":{"start":{"line":52,"column":19},"end":{"line":52,"column":21}},"16":{"start":{"line":54,"column":4},"end":{"line":103,"column":5}},"17":{"start":{"line":54,"column":17},"end":{"line":54,"column":18}},"18":{"start":{"line":55,"column":6},"end":{"line":102,"column":7}},"19":{"start":{"line":57,"column":10},"end":{"line":57,"column":17}},"20":{"start":{"line":58,"column":10},"end":{"line":58,"column":55}},"21":{"start":{"line":59,"column":10},"end":{"line":59,"column":16}},"22":{"start":{"line":62,"column":10},"end":{"line":62,"column":17}},"23":{"start":{"line":63,"column":10},"end":{"line":63,"column":55}},"24":{"start":{"line":64,"column":10},"end":{"line":64,"column":16}},"25":{"start":{"line":67,"column":10},"end":{"line":67,"column":17}},"26":{"start":{"line":68,"column":10},"end":{"line":68,"column":68}},"27":{"start":{"line":69,"column":10},"end":{"line":69,"column":16}},"28":{"start":{"line":72,"column":10},"end":{"line":72,"column":17}},"29":{"start":{"line":73,"column":10},"end":{"line":73,"column":61}},"30":{"start":{"line":74,"column":10},"end":{"line":74,"column":16}},"31":{"start":{"line":77,"column":10},"end":{"line":77,"column":42}},"32":{"start":{"line":78,"column":10},"end":{"line":78,"column":16}},"33":{"start":{"line":81,"column":10},"end":{"line":81,"column":38}},"34":{"start":{"line":82,"column":10},"end":{"line":82,"column":16}},"35":{"start":{"line":85,"column":10},"end":{"line":85,"column":47}},"36":{"start":{"line":86,"column":10},"end":{"line":86,"column":16}},"37":{"start":{"line":89,"column":10},"end":{"line":89,"column":26}},"38":{"start":{"line":90,"column":10},"end":{"line":90,"column":16}},"39":{"start":{"line":93,"column":10},"end":{"line":93,"column":17}},"40":{"start":{"line":94,"column":10},"end":{"line":94,"column":47}},"41":{"start":{"line":95,"column":10},"end":{"line":95,"column":16}},"42":{"start":{"line":98,"column":10},"end":{"line":98,"column":27}},"43":{"start":{"line":99,"column":10},"end":{"line":99,"column":16}},"44":{"start":{"line":105,"column":17},"end":{"line":105,"column":37}},"45":{"start":{"line":106,"column":24},"end":{"line":106,"column":94}},"46":{"start":{"line":107,"column":4},"end":{"line":107,"column":130}},"47":{"start":{"line":108,"column":26},"end":{"line":108,"column":482}},"48":{"start":{"line":109,"column":17},"end":{"line":109,"column":19}},"49":{"start":{"line":111,"column":4},"end":{"line":113,"column":5}},"50":{"start":{"line":111,"column":18},"end":{"line":111,"column":19}},"51":{"start":{"line":112,"column":6},"end":{"line":112,"column":174}},"52":{"start":{"line":112,"column":21},"end":{"line":112,"column":83}},"53":{"start":{"line":112,"column":88},"end":{"line":112,"column":174}},"54":{"start":{"line":115,"column":4},"end":{"line":115,"column":45}},"55":{"start":{"line":117,"column":4},"end":{"line":117,"column":45}},"56":{"start":{"line":119,"column":4},"end":{"line":119,"column":45}},"57":{"start":{"line":121,"column":4},"end":{"line":121,"column":25}},"58":{"start":{"line":122,"column":4},"end":{"line":122,"column":66}},"59":{"start":{"line":123,"column":4},"end":{"line":123,"column":20}}},"fnMap":{"0":{"name":"gdaltransform","decl":{"start":{"line":29,"column":24},"end":{"line":29,"column":37}},"loc":{"start":{"line":29,"column":55},"end":{"line":125,"column":1}},"line":29},"1":{"name":"(anonymous_1)","decl":{"start":{"line":30,"column":21},"end":{"line":30,"column":22}},"loc":{"start":{"line":30,"column":40},"end":{"line":124,"column":3}},"line":30},"2":{"name":"(anonymous_2)","decl":{"start":{"line":31,"column":46},"end":{"line":31,"column":47}},"loc":{"start":{"line":31,"column":59},"end":{"line":33,"column":5}},"line":31},"3":{"name":"(anonymous_3)","decl":{"start":{"line":34,"column":46},"end":{"line":34,"column":47}},"loc":{"start":{"line":34,"column":59},"end":{"line":36,"column":5}},"line":34},"4":{"name":"(anonymous_4)","decl":{"start":{"line":37,"column":46},"end":{"line":37,"column":47}},"loc":{"start":{"line":37,"column":59},"end":{"line":39,"column":5}},"line":37}},"branchMap":{"0":{"loc":{"start":{"line":38,"column":13},"end":{"line":38,"column":22}},"type":"binary-expr","locations":[{"start":{"line":38,"column":13},"end":{"line":38,"column":17}},{"start":{"line":38,"column":21},"end":{"line":38,"column":22}}],"line":38},"1":{"loc":{"start":{"line":55,"column":6},"end":{"line":102,"column":7}},"type":"switch","locations":[{"start":{"line":56,"column":8},"end":{"line":59,"column":16}},{"start":{"line":61,"column":8},"end":{"line":64,"column":16}},{"start":{"line":66,"column":8},"end":{"line":69,"column":16}},{"start":{"line":71,"column":8},"end":{"line":74,"column":16}},{"start":{"line":76,"column":8},"end":{"line":78,"column":16}},{"start":{"line":80,"column":8},"end":{"line":82,"column":16}},{"start":{"line":84,"column":8},"end":{"line":86,"column":16}},{"start":{"line":88,"column":8},"end":{"line":90,"column":16}},{"start":{"line":92,"column":8},"end":{"line":95,"column":16}},{"start":{"line":97,"column":8},"end":{"line":99,"column":16}},{"start":{"line":101,"column":8},"end":{"line":101,"column":16}}],"line":55},"2":{"loc":{"start":{"line":112,"column":6},"end":{"line":112,"column":174}},"type":"if","locations":[{"start":{"line":112,"column":6},"end":{"line":112,"column":174}},{"start":{"line":112,"column":6},"end":{"line":112,"column":174}}],"line":112}},"s":{"0":2,"1":2,"2":2,"3":2,"4":2,"5":2,"6":2,"7":2,"8":2,"9":2,"10":2,"11":2,"12":2,"13":2,"14":2,"15":2,"16":2,"17":2,"18":12,"19":2,"20":2,"21":2,"22":2,"23":2,"24":2,"25":1,"26":1,"27":1,"28":1,"29":1,"30":1,"31":1,"32":1,"33":1,"34":1,"35":1,"36":1,"37":1,"38":1,"39":1,"40":1,"41":1,"42":1,"43":1,"44":2,"45":2,"46":2,"47":2,"48":2,"49":2,"50":2,"51":2,"52":1,"53":1,"54":2,"55":2,"56":2,"57":2,"58":2,"59":2},"f":{"0":2,"1":2,"2":2,"3":2,"4":2},"b":{"0":[2,2],"1":[2,2,1,1,1,1,1,1,1,1,0],"2":[1,1]},"_coverageSchema":"1a1c01bbd47fc00a2c39e90264f33305004495a9","hash":"05b0d9a0181f6ca92cc2d9c210d822145c0140f3"}
,"/home/bugra/Documents/MiniProject/gdal3.js/src/allJsFunctions/application/gdalwarp.js": {"path":"/home/bugra/Documents/MiniProject/gdal3.js/src/allJsFunctions/application/gdalwarp.js","statementMap":{"0":{"start":{"line":31,"column":16},"end":{"line":31,"column":86}},"1":{"start":{"line":32,"column":2},"end":{"line":65,"column":5}},"2":{"start":{"line":33,"column":17},"end":{"line":33,"column":36}},"3":{"start":{"line":34,"column":30},"end":{"line":34,"column":83}},"4":{"start":{"line":36,"column":22},"end":{"line":36,"column":53}},"5":{"start":{"line":39,"column":4},"end":{"line":39,"column":69}},"6":{"start":{"line":40,"column":22},"end":{"line":40,"column":48}},"7":{"start":{"line":41,"column":14},"end":{"line":41,"column":23}},"8":{"start":{"line":43,"column":4},"end":{"line":47,"column":5}},"9":{"start":{"line":44,"column":23},"end":{"line":44,"column":43}},"10":{"start":{"line":45,"column":19},"end":{"line":45,"column":45}},"11":{"start":{"line":46,"column":6},"end":{"line":46,"column":41}},"12":{"start":{"line":46,"column":18},"end":{"line":46,"column":41}},"13":{"start":{"line":49,"column":21},"end":{"line":49,"column":50}},"14":{"start":{"line":50,"column":19},"end":{"line":50,"column":81}},"15":{"start":{"line":51,"column":21},"end":{"line":51,"column":102}},"16":{"start":{"line":52,"column":4},"end":{"line":52,"column":62}},"17":{"start":{"line":53,"column":4},"end":{"line":53,"column":25}},"18":{"start":{"line":54,"column":4},"end":{"line":54,"column":40}},"19":{"start":{"line":56,"column":4},"end":{"line":64,"column":5}},"20":{"start":{"line":57,"column":18},"end":{"line":57,"column":32}},"21":{"start":{"line":58,"column":6},"end":{"line":58,"column":20}},"22":{"start":{"line":60,"column":6},"end":{"line":63,"column":9}}},"fnMap":{"0":{"name":"gdalwarp","decl":{"start":{"line":30,"column":24},"end":{"line":30,"column":32}},"loc":{"start":{"line":30,"column":42},"end":{"line":66,"column":1}},"line":30},"1":{"name":"(anonymous_1)","decl":{"start":{"line":32,"column":21},"end":{"line":32,"column":22}},"loc":{"start":{"line":32,"column":48},"end":{"line":65,"column":3}},"line":32}},"branchMap":{"0":{"loc":{"start":{"line":31,"column":16},"end":{"line":31,"column":86}},"type":"cond-expr","locations":[{"start":{"line":31,"column":69},"end":{"line":31,"column":81}},{"start":{"line":31,"column":84},"end":{"line":31,"column":86}}],"line":31},"1":{"loc":{"start":{"line":31,"column":16},"end":{"line":31,"column":66}},"type":"binary-expr","locations":[{"start":{"line":31,"column":16},"end":{"line":31,"column":36}},{"start":{"line":31,"column":40},"end":{"line":31,"column":66}}],"line":31},"2":{"loc":{"start":{"line":43,"column":4},"end":{"line":47,"column":5}},"type":"if","locations":[{"start":{"line":43,"column":4},"end":{"line":47,"column":5}},{"start":{"line":43,"column":4},"end":{"line":47,"column":5}}],"line":43},"3":{"loc":{"start":{"line":46,"column":6},"end":{"line":46,"column":41}},"type":"if","locations":[{"start":{"line":46,"column":6},"end":{"line":46,"column":41}},{"start":{"line":46,"column":6},"end":{"line":46,"column":41}}],"line":46},"4":{"loc":{"start":{"line":56,"column":4},"end":{"line":64,"column":5}},"type":"if","locations":[{"start":{"line":56,"column":4},"end":{"line":64,"column":5}},{"start":{"line":56,"column":4},"end":{"line":64,"column":5}}],"line":56}},"s":{"0":2,"1":2,"2":2,"3":2,"4":2,"5":2,"6":2,"7":2,"8":2,"9":1,"10":1,"11":1,"12":1,"13":2,"14":2,"15":2,"16":2,"17":2,"18":2,"19":2,"20":1,"21":1,"22":1},"f":{"0":2,"1":2},"b":{"0":[2,0],"1":[2,2],"2":[1,1],"3":[1,0],"4":[1,1]},"_coverageSchema":"1a1c01bbd47fc00a2c39e90264f33305004495a9","hash":"be00284d711edb3b01385c3e93faa82f474ab120"}
,"/home/bugra/Documents/MiniProject/gdal3.js/src/allJsFunctions/application/ogr2ogr.js": {"path":"/home/bugra/Documents/MiniProject/gdal3.js/src/allJsFunctions/application/ogr2ogr.js","statementMap":{"0":{"start":{"line":34,"column":16},"end":{"line":34,"column":86}},"1":{"start":{"line":35,"column":2},"end":{"line":70,"column":5}},"2":{"start":{"line":36,"column":17},"end":{"line":36,"column":36}},"3":{"start":{"line":37,"column":30},"end":{"line":37,"column":91}},"4":{"start":{"line":39,"column":22},"end":{"line":39,"column":53}},"5":{"start":{"line":41,"column":4},"end":{"line":41,"column":69}},"6":{"start":{"line":42,"column":22},"end":{"line":42,"column":47}},"7":{"start":{"line":43,"column":14},"end":{"line":43,"column":23}},"8":{"start":{"line":45,"column":4},"end":{"line":52,"column":5}},"9":{"start":{"line":46,"column":23},"end":{"line":46,"column":43}},"10":{"start":{"line":47,"column":19},"end":{"line":47,"column":45}},"11":{"start":{"line":49,"column":6},"end":{"line":51,"column":7}},"12":{"start":{"line":50,"column":8},"end":{"line":50,"column":123}},"13":{"start":{"line":50,"column":83},"end":{"line":50,"column":95}},"14":{"start":{"line":50,"column":100},"end":{"line":50,"column":123}},"15":{"start":{"line":54,"column":21},"end":{"line":54,"column":50}},"16":{"start":{"line":55,"column":19},"end":{"line":55,"column":81}},"17":{"start":{"line":56,"column":21},"end":{"line":56,"column":113}},"18":{"start":{"line":57,"column":4},"end":{"line":57,"column":70}},"19":{"start":{"line":58,"column":4},"end":{"line":58,"column":25}},"20":{"start":{"line":59,"column":4},"end":{"line":59,"column":40}},"21":{"start":{"line":61,"column":4},"end":{"line":69,"column":5}},"22":{"start":{"line":62,"column":18},"end":{"line":62,"column":32}},"23":{"start":{"line":63,"column":6},"end":{"line":63,"column":20}},"24":{"start":{"line":65,"column":6},"end":{"line":68,"column":9}}},"fnMap":{"0":{"name":"ogr2ogr","decl":{"start":{"line":33,"column":24},"end":{"line":33,"column":31}},"loc":{"start":{"line":33,"column":41},"end":{"line":71,"column":1}},"line":33},"1":{"name":"(anonymous_1)","decl":{"start":{"line":35,"column":21},"end":{"line":35,"column":22}},"loc":{"start":{"line":35,"column":48},"end":{"line":70,"column":3}},"line":35}},"branchMap":{"0":{"loc":{"start":{"line":34,"column":16},"end":{"line":34,"column":86}},"type":"cond-expr","locations":[{"start":{"line":34,"column":69},"end":{"line":34,"column":81}},{"start":{"line":34,"column":84},"end":{"line":34,"column":86}}],"line":34},"1":{"loc":{"start":{"line":34,"column":16},"end":{"line":34,"column":66}},"type":"binary-expr","locations":[{"start":{"line":34,"column":16},"end":{"line":34,"column":36}},{"start":{"line":34,"column":40},"end":{"line":34,"column":66}}],"line":34},"2":{"loc":{"start":{"line":45,"column":4},"end":{"line":52,"column":5}},"type":"if","locations":[{"start":{"line":45,"column":4},"end":{"line":52,"column":5}},{"start":{"line":45,"column":4},"end":{"line":52,"column":5}}],"line":45},"3":{"loc":{"start":{"line":49,"column":6},"end":{"line":51,"column":7}},"type":"if","locations":[{"start":{"line":49,"column":6},"end":{"line":51,"column":7}},{"start":{"line":49,"column":6},"end":{"line":51,"column":7}}],"line":49},"4":{"loc":{"start":{"line":50,"column":8},"end":{"line":50,"column":123}},"type":"if","locations":[{"start":{"line":50,"column":8},"end":{"line":50,"column":123}},{"start":{"line":50,"column":8},"end":{"line":50,"column":123}}],"line":50},"5":{"loc":{"start":{"line":50,"column":12},"end":{"line":50,"column":81}},"type":"binary-expr","locations":[{"start":{"line":50,"column":12},"end":{"line":50,"column":41}},{"start":{"line":50,"column":45},"end":{"line":50,"column":81}}],"line":50},"6":{"loc":{"start":{"line":61,"column":4},"end":{"line":69,"column":5}},"type":"if","locations":[{"start":{"line":61,"column":4},"end":{"line":69,"column":5}},{"start":{"line":61,"column":4},"end":{"line":69,"column":5}}],"line":61}},"s":{"0":196,"1":196,"2":196,"3":196,"4":196,"5":196,"6":196,"7":196,"8":196,"9":196,"10":196,"11":196,"12":195,"13":4,"14":191,"15":196,"16":196,"17":196,"18":196,"19":196,"20":196,"21":196,"22":1,"23":1,"24":195},"f":{"0":196,"1":196},"b":{"0":[196,0],"1":[196,196],"2":[196,0],"3":[195,1],"4":[4,191],"5":[195,8],"6":[1,195]},"_coverageSchema":"1a1c01bbd47fc00a2c39e90264f33305004495a9","hash":"4c63f62563fbd43cb8c07279db25c7548a660362"}
,"/home/bugra/Documents/MiniProject/gdal3.js/src/allJsFunctions/function/close.js": {"path":"/home/bugra/Documents/MiniProject/gdal3.js/src/allJsFunctions/function/close.js","statementMap":{"0":{"start":{"line":17,"column":2},"end":{"line":20,"column":5}},"1":{"start":{"line":18,"column":4},"end":{"line":18,"column":45}},"2":{"start":{"line":19,"column":4},"end":{"line":19,"column":14}}},"fnMap":{"0":{"name":"close","decl":{"start":{"line":16,"column":24},"end":{"line":16,"column":29}},"loc":{"start":{"line":16,"column":39},"end":{"line":21,"column":1}},"line":16},"1":{"name":"(anonymous_1)","decl":{"start":{"line":17,"column":21},"end":{"line":17,"column":22}},"loc":{"start":{"line":17,"column":40},"end":{"line":20,"column":3}},"line":17}},"branchMap":{},"s":{"0":1,"1":1,"2":1},"f":{"0":1,"1":1},"b":{},"_coverageSchema":"1a1c01bbd47fc00a2c39e90264f33305004495a9","hash":"e840a9190f034ea057cb6b1659fcc968072a0fc0"}
,"/home/bugra/Documents/MiniProject/gdal3.js/src/allJsFunctions/function/getFileBytes.js": {"path":"/home/bugra/Documents/MiniProject/gdal3.js/src/allJsFunctions/function/getFileBytes.js","statementMap":{"0":{"start":{"line":27,"column":2},"end":{"line":45,"column":5}},"1":{"start":{"line":30,"column":4},"end":{"line":33,"column":5}},"2":{"start":{"line":31,"column":6},"end":{"line":31,"column":32}},"3":{"start":{"line":32,"column":6},"end":{"line":32,"column":13}},"4":{"start":{"line":35,"column":4},"end":{"line":39,"column":5}},"5":{"start":{"line":36,"column":6},"end":{"line":36,"column":28}},"6":{"start":{"line":38,"column":6},"end":{"line":38,"column":22}},"7":{"start":{"line":41,"column":16},"end":{"line":43,"column":6}},"8":{"start":{"line":44,"column":4},"end":{"line":44,"column":19}}},"fnMap":{"0":{"name":"getFileBytes","decl":{"start":{"line":26,"column":24},"end":{"line":26,"column":36}},"loc":{"start":{"line":26,"column":47},"end":{"line":46,"column":1}},"line":26},"1":{"name":"(anonymous_1)","decl":{"start":{"line":27,"column":21},"end":{"line":27,"column":22}},"loc":{"start":{"line":27,"column":40},"end":{"line":45,"column":3}},"line":27}},"branchMap":{"0":{"loc":{"start":{"line":30,"column":4},"end":{"line":33,"column":5}},"type":"if","locations":[{"start":{"line":30,"column":4},"end":{"line":33,"column":5}},{"start":{"line":30,"column":4},"end":{"line":33,"column":5}}],"line":30},"1":{"loc":{"start":{"line":35,"column":4},"end":{"line":39,"column":5}},"type":"if","locations":[{"start":{"line":35,"column":4},"end":{"line":39,"column":5}},{"start":{"line":35,"column":4},"end":{"line":39,"column":5}}],"line":35}},"s":{"0":3,"1":3,"2":1,"3":1,"4":2,"5":1,"6":1,"7":2,"8":2},"f":{"0":3,"1":3},"b":{"0":[1,2],"1":[1,1]},"_coverageSchema":"1a1c01bbd47fc00a2c39e90264f33305004495a9","hash":"f01aef2e9056f11a05e59d6745001c05d591bd90"}
,"/home/bugra/Documents/MiniProject/gdal3.js/src/allJsFunctions/function/getInfo.js": {"path":"/home/bugra/Documents/MiniProject/gdal3.js/src/allJsFunctions/function/getInfo.js","statementMap":{"0":{"start":{"line":71,"column":2},"end":{"line":141,"column":5}},"1":{"start":{"line":72,"column":20},"end":{"line":72,"column":69}},"2":{"start":{"line":73,"column":21},"end":{"line":73,"column":76}},"3":{"start":{"line":75,"column":4},"end":{"line":140,"column":5}},"4":{"start":{"line":77,"column":17},"end":{"line":77,"column":66}},"5":{"start":{"line":78,"column":17},"end":{"line":78,"column":66}},"6":{"start":{"line":79,"column":19},"end":{"line":79,"column":70}},"7":{"start":{"line":81,"column":23},"end":{"line":81,"column":87}},"8":{"start":{"line":83,"column":6},"end":{"line":83,"column":69}},"9":{"start":{"line":84,"column":25},"end":{"line":84,"column":156}},"10":{"start":{"line":85,"column":20},"end":{"line":85,"column":64}},"11":{"start":{"line":86,"column":23},"end":{"line":90,"column":8}},"12":{"start":{"line":87,"column":16},"end":{"line":87,"column":25}},"13":{"start":{"line":88,"column":16},"end":{"line":88,"column":25}},"14":{"start":{"line":89,"column":8},"end":{"line":89,"column":138}},"15":{"start":{"line":91,"column":22},"end":{"line":91,"column":73}},"16":{"start":{"line":92,"column":23},"end":{"line":92,"column":69}},"17":{"start":{"line":93,"column":19},"end":{"line":93,"column":64}},"18":{"start":{"line":94,"column":6},"end":{"line":104,"column":11}},"19":{"start":{"line":108,"column":19},"end":{"line":108,"column":21}},"20":{"start":{"line":110,"column":6},"end":{"line":120,"column":7}},"21":{"start":{"line":110,"column":19},"end":{"line":110,"column":20}},"22":{"start":{"line":111,"column":23},"end":{"line":111,"column":72}},"23":{"start":{"line":112,"column":24},"end":{"line":112,"column":61}},"24":{"start":{"line":114,"column":28},"end":{"line":114,"column":76}},"25":{"start":{"line":116,"column":8},"end":{"line":119,"column":11}},"26":{"start":{"line":122,"column":25},"end":{"line":124,"column":11}},"27":{"start":{"line":123,"column":8},"end":{"line":123,"column":40}},"28":{"start":{"line":126,"column":20},"end":{"line":126,"column":65}},"29":{"start":{"line":128,"column":23},"end":{"line":128,"column":74}},"30":{"start":{"line":130,"column":24},"end":{"line":130,"column":71}},"31":{"start":{"line":132,"column":6},"end":{"line":139,"column":9}}},"fnMap":{"0":{"name":"getInfo","decl":{"start":{"line":70,"column":24},"end":{"line":70,"column":31}},"loc":{"start":{"line":70,"column":41},"end":{"line":142,"column":1}},"line":70},"1":{"name":"(anonymous_1)","decl":{"start":{"line":71,"column":21},"end":{"line":71,"column":22}},"loc":{"start":{"line":71,"column":40},"end":{"line":141,"column":3}},"line":71},"2":{"name":"(anonymous_2)","decl":{"start":{"line":86,"column":35},"end":{"line":86,"column":36}},"loc":{"start":{"line":86,"column":53},"end":{"line":90,"column":7}},"line":86},"3":{"name":"(anonymous_3)","decl":{"start":{"line":122,"column":39},"end":{"line":122,"column":40}},"loc":{"start":{"line":122,"column":61},"end":{"line":124,"column":7}},"line":122}},"branchMap":{"0":{"loc":{"start":{"line":75,"column":4},"end":{"line":140,"column":5}},"type":"if","locations":[{"start":{"line":75,"column":4},"end":{"line":140,"column":5}},{"start":{"line":75,"column":4},"end":{"line":140,"column":5}}],"line":75},"1":{"loc":{"start":{"line":75,"column":8},"end":{"line":75,"column":41}},"type":"binary-expr","locations":[{"start":{"line":75,"column":8},"end":{"line":75,"column":21}},{"start":{"line":75,"column":25},"end":{"line":75,"column":41}}],"line":75}},"s":{"0":327,"1":327,"2":327,"3":327,"4":128,"5":128,"6":128,"7":128,"8":128,"9":128,"10":128,"11":128,"12":512,"13":512,"14":512,"15":128,"16":128,"17":128,"18":128,"19":199,"20":199,"21":199,"22":216,"23":216,"24":216,"25":216,"26":199,"27":216,"28":199,"29":199,"30":199,"31":199},"f":{"0":327,"1":327,"2":512,"3":216},"b":{"0":[128,199],"1":[327,131]},"_coverageSchema":"1a1c01bbd47fc00a2c39e90264f33305004495a9","hash":"ee2f83a500f65b04b41fdcdda9a962427c1e8051"}
,"/home/bugra/Documents/MiniProject/gdal3.js/src/allJsFunctions/function/getOutputFiles.js": {"path":"/home/bugra/Documents/MiniProject/gdal3.js/src/allJsFunctions/function/getOutputFiles.js","statementMap":{"0":{"start":{"line":16,"column":2},"end":{"line":19,"column":5}},"1":{"start":{"line":17,"column":16},"end":{"line":17,"column":29}},"2":{"start":{"line":18,"column":4},"end":{"line":18,"column":19}}},"fnMap":{"0":{"name":"getOutputFiles","decl":{"start":{"line":15,"column":24},"end":{"line":15,"column":38}},"loc":{"start":{"line":15,"column":41},"end":{"line":20,"column":1}},"line":15},"1":{"name":"(anonymous_1)","decl":{"start":{"line":16,"column":21},"end":{"line":16,"column":22}},"loc":{"start":{"line":16,"column":40},"end":{"line":19,"column":3}},"line":16}},"branchMap":{},"s":{"0":1,"1":1,"2":1},"f":{"0":1,"1":1},"b":{},"_coverageSchema":"1a1c01bbd47fc00a2c39e90264f33305004495a9","hash":"4d2d193549660dcf671f4560693ec9870370cf1b"}
,"/home/bugra/Documents/MiniProject/gdal3.js/src/allJsFunctions/function/open.js": {"path":"/home/bugra/Documents/MiniProject/gdal3.js/src/allJsFunctions/function/open.js","statementMap":{"0":{"start":{"line":1,"column":35},"end":{"line":1,"column":151}},"1":{"start":{"line":3,"column":32},"end":{"line":3,"column":188}},"2":{"start":{"line":5,"column":50},"end":{"line":5,"column":65}},"3":{"start":{"line":5,"column":58},"end":{"line":5,"column":65}},"4":{"start":{"line":5,"column":66},"end":{"line":5,"column":129}},"5":{"start":{"line":5,"column":93},"end":{"line":5,"column":129}},"6":{"start":{"line":5,"column":138},"end":{"line":5,"column":184}},"7":{"start":{"line":5,"column":186},"end":{"line":5,"column":246}},"8":{"start":{"line":5,"column":223},"end":{"line":5,"column":246}},"9":{"start":{"line":5,"column":247},"end":{"line":5,"column":300}},"10":{"start":{"line":5,"column":279},"end":{"line":5,"column":300}},"11":{"start":{"line":5,"column":301},"end":{"line":5,"column":414}},"12":{"start":{"line":5,"column":378},"end":{"line":5,"column":414}},"13":{"start":{"line":7,"column":34},"end":{"line":7,"column":156}},"14":{"start":{"line":7,"column":132},"end":{"line":7,"column":156}},"15":{"start":{"line":9,"column":35},"end":{"line":9,"column":89}},"16":{"start":{"line":9,"column":59},"end":{"line":9,"column":89}},"17":{"start":{"line":11,"column":39},"end":{"line":11,"column":93}},"18":{"start":{"line":11,"column":76},"end":{"line":11,"column":93}},"19":{"start":{"line":11,"column":94},"end":{"line":11,"column":168}},"20":{"start":{"line":11,"column":107},"end":{"line":11,"column":108}},"21":{"start":{"line":11,"column":117},"end":{"line":11,"column":131}},"22":{"start":{"line":11,"column":149},"end":{"line":11,"column":166}},"23":{"start":{"line":11,"column":169},"end":{"line":11,"column":181}},"24":{"start":{"line":62,"column":14},"end":{"line":62,"column":25}},"25":{"start":{"line":64,"column":2},"end":{"line":66,"column":3}},"26":{"start":{"line":65,"column":4},"end":{"line":65,"column":20}},"27":{"start":{"line":68,"column":2},"end":{"line":128,"column":5}},"28":{"start":{"line":69,"column":24},"end":{"line":69,"column":26}},"29":{"start":{"line":70,"column":24},"end":{"line":70,"column":26}},"30":{"start":{"line":72,"column":4},"end":{"line":81,"column":7}},"31":{"start":{"line":73,"column":6},"end":{"line":80,"column":7}},"32":{"start":{"line":74,"column":8},"end":{"line":77,"column":11}},"33":{"start":{"line":79,"column":8},"end":{"line":79,"column":33}},"34":{"start":{"line":83,"column":4},"end":{"line":127,"column":7}},"35":{"start":{"line":84,"column":25},"end":{"line":84,"column":91}},"36":{"start":{"line":85,"column":19},"end":{"line":85,"column":21}},"37":{"start":{"line":86,"column":6},"end":{"line":86,"column":36}},"38":{"start":{"line":87,"column":25},"end":{"line":87,"column":27}},"39":{"start":{"line":89,"column":6},"end":{"line":115,"column":7}},"40":{"start":{"line":89,"column":19},"end":{"line":89,"column":20}},"41":{"start":{"line":90,"column":19},"end":{"line":90,"column":39}},"42":{"start":{"line":91,"column":19},"end":{"line":91,"column":40}},"43":{"start":{"line":92,"column":8},"end":{"line":92,"column":57}},"44":{"start":{"line":92,"column":33},"end":{"line":92,"column":57}},"45":{"start":{"line":93,"column":8},"end":{"line":93,"column":49}},"46":{"start":{"line":93,"column":40},"end":{"line":93,"column":49}},"47":{"start":{"line":94,"column":8},"end":{"line":94,"column":39}},"48":{"start":{"line":95,"column":27},"end":{"line":95,"column":65}},"49":{"start":{"line":96,"column":8},"end":{"line":96,"column":93}},"50":{"start":{"line":96,"column":38},"end":{"line":96,"column":93}},"51":{"start":{"line":97,"column":25},"end":{"line":97,"column":63}},"52":{"start":{"line":99,"column":8},"end":{"line":104,"column":9}},"53":{"start":{"line":100,"column":22},"end":{"line":100,"column":36}},"54":{"start":{"line":101,"column":10},"end":{"line":101,"column":29}},"55":{"start":{"line":102,"column":10},"end":{"line":102,"column":36}},"56":{"start":{"line":103,"column":10},"end":{"line":103,"column":19}},"57":{"start":{"line":106,"column":8},"end":{"line":106,"column":48}},"58":{"start":{"line":107,"column":24},"end":{"line":107,"column":68}},"59":{"start":{"line":108,"column":25},"end":{"line":108,"column":75}},"60":{"start":{"line":110,"column":8},"end":{"line":114,"column":9}},"61":{"start":{"line":111,"column":10},"end":{"line":111,"column":45}},"62":{"start":{"line":113,"column":10},"end":{"line":113,"column":45}},"63":{"start":{"line":117,"column":21},"end":{"line":117,"column":48}},"64":{"start":{"line":119,"column":6},"end":{"line":126,"column":7}},"65":{"start":{"line":120,"column":8},"end":{"line":123,"column":11}},"66":{"start":{"line":125,"column":8},"end":{"line":125,"column":23}}},"fnMap":{"0":{"name":"_toConsumableArray","decl":{"start":{"line":1,"column":9},"end":{"line":1,"column":27}},"loc":{"start":{"line":1,"column":33},"end":{"line":1,"column":153}},"line":1},"1":{"name":"_nonIterableSpread","decl":{"start":{"line":3,"column":9},"end":{"line":3,"column":27}},"loc":{"start":{"line":3,"column":30},"end":{"line":3,"column":190}},"line":3},"2":{"name":"_unsupportedIterableToArray","decl":{"start":{"line":5,"column":9},"end":{"line":5,"column":36}},"loc":{"start":{"line":5,"column":48},"end":{"line":5,"column":416}},"line":5},"3":{"name":"_iterableToArray","decl":{"start":{"line":7,"column":9},"end":{"line":7,"column":25}},"loc":{"start":{"line":7,"column":32},"end":{"line":7,"column":158}},"line":7},"4":{"name":"_arrayWithoutHoles","decl":{"start":{"line":9,"column":9},"end":{"line":9,"column":27}},"loc":{"start":{"line":9,"column":33},"end":{"line":9,"column":91}},"line":9},"5":{"name":"_arrayLikeToArray","decl":{"start":{"line":11,"column":9},"end":{"line":11,"column":26}},"loc":{"start":{"line":11,"column":37},"end":{"line":11,"column":183}},"line":11},"6":{"name":"open","decl":{"start":{"line":61,"column":24},"end":{"line":61,"column":28}},"loc":{"start":{"line":61,"column":42},"end":{"line":129,"column":1}},"line":61},"7":{"name":"(anonymous_7)","decl":{"start":{"line":68,"column":21},"end":{"line":68,"column":22}},"loc":{"start":{"line":68,"column":48},"end":{"line":128,"column":3}},"line":68},"8":{"name":"(anonymous_8)","decl":{"start":{"line":72,"column":38},"end":{"line":72,"column":39}},"loc":{"start":{"line":72,"column":54},"end":{"line":81,"column":5}},"line":72},"9":{"name":"(anonymous_9)","decl":{"start":{"line":83,"column":30},"end":{"line":83,"column":31}},"loc":{"start":{"line":83,"column":62},"end":{"line":127,"column":5}},"line":83}},"branchMap":{"0":{"loc":{"start":{"line":1,"column":42},"end":{"line":1,"column":150}},"type":"binary-expr","locations":[{"start":{"line":1,"column":42},"end":{"line":1,"column":65}},{"start":{"line":1,"column":69},"end":{"line":1,"column":90}},{"start":{"line":1,"column":94},"end":{"line":1,"column":126}},{"start":{"line":1,"column":130},"end":{"line":1,"column":150}}],"line":1},"1":{"loc":{"start":{"line":5,"column":50},"end":{"line":5,"column":65}},"type":"if","locations":[{"start":{"line":5,"column":50},"end":{"line":5,"column":65}},{"start":{"line":5,"column":50},"end":{"line":5,"column":65}}],"line":5},"2":{"loc":{"start":{"line":5,"column":66},"end":{"line":5,"column":129}},"type":"if","locations":[{"start":{"line":5,"column":66},"end":{"line":5,"column":129}},{"start":{"line":5,"column":66},"end":{"line":5,"column":129}}],"line":5},"3":{"loc":{"start":{"line":5,"column":186},"end":{"line":5,"column":246}},"type":"if","locations":[{"start":{"line":5,"column":186},"end":{"line":5,"column":246}},{"start":{"line":5,"column":186},"end":{"line":5,"column":246}}],"line":5},"4":{"loc":{"start":{"line":5,"column":190},"end":{"line":5,"column":221}},"type":"binary-expr","locations":[{"start":{"line":5,"column":190},"end":{"line":5,"column":204}},{"start":{"line":5,"column":208},"end":{"line":5,"column":221}}],"line":5},"5":{"loc":{"start":{"line":5,"column":247},"end":{"line":5,"column":300}},"type":"if","locations":[{"start":{"line":5,"column":247},"end":{"line":5,"column":300}},{"start":{"line":5,"column":247},"end":{"line":5,"column":300}}],"line":5},"6":{"loc":{"start":{"line":5,"column":251},"end":{"line":5,"column":277}},"type":"binary-expr","locations":[{"start":{"line":5,"column":251},"end":{"line":5,"column":262}},{"start":{"line":5,"column":266},"end":{"line":5,"column":277}}],"line":5},"7":{"loc":{"start":{"line":5,"column":301},"end":{"line":5,"column":414}},"type":"if","locations":[{"start":{"line":5,"column":301},"end":{"line":5,"column":414}},{"start":{"line":5,"column":301},"end":{"line":5,"column":414}}],"line":5},"8":{"loc":{"start":{"line":5,"column":305},"end":{"line":5,"column":376}},"type":"binary-expr","locations":[{"start":{"line":5,"column":305},"end":{"line":5,"column":322}},{"start":{"line":5,"column":326},"end":{"line":5,"column":376}}],"line":5},"9":{"loc":{"start":{"line":7,"column":34},"end":{"line":7,"column":156}},"type":"if","locations":[{"start":{"line":7,"column":34},"end":{"line":7,"column":156}},{"start":{"line":7,"column":34},"end":{"line":7,"column":156}}],"line":7},"10":{"loc":{"start":{"line":7,"column":38},"end":{"line":7,"column":130}},"type":"binary-expr","locations":[{"start":{"line":7,"column":38},"end":{"line":7,"column":67}},{"start":{"line":7,"column":71},"end":{"line":7,"column":100}},{"start":{"line":7,"column":104},"end":{"line":7,"column":130}}],"line":7},"11":{"loc":{"start":{"line":9,"column":35},"end":{"line":9,"column":89}},"type":"if","locations":[{"start":{"line":9,"column":35},"end":{"line":9,"column":89}},{"start":{"line":9,"column":35},"end":{"line":9,"column":89}}],"line":9},"12":{"loc":{"start":{"line":11,"column":39},"end":{"line":11,"column":93}},"type":"if","locations":[{"start":{"line":11,"column":39},"end":{"line":11,"column":93}},{"start":{"line":11,"column":39},"end":{"line":11,"column":93}}],"line":11},"13":{"loc":{"start":{"line":11,"column":43},"end":{"line":11,"column":74}},"type":"binary-expr","locations":[{"start":{"line":11,"column":43},"end":{"line":11,"column":54}},{"start":{"line":11,"column":58},"end":{"line":11,"column":74}}],"line":11},"14":{"loc":{"start":{"line":64,"column":2},"end":{"line":66,"column":3}},"type":"if","locations":[{"start":{"line":64,"column":2},"end":{"line":66,"column":3}},{"start":{"line":64,"column":2},"end":{"line":66,"column":3}}],"line":64},"15":{"loc":{"start":{"line":64,"column":8},"end":{"line":64,"column":91}},"type":"binary-expr","locations":[{"start":{"line":64,"column":8},"end":{"line":64,"column":28}},{"start":{"line":64,"column":32},"end":{"line":64,"column":62}},{"start":{"line":64,"column":66},"end":{"line":64,"column":91}}],"line":64},"16":{"loc":{"start":{"line":73,"column":6},"end":{"line":80,"column":7}},"type":"if","locations":[{"start":{"line":73,"column":6},"end":{"line":80,"column":7}},{"start":{"line":73,"column":6},"end":{"line":80,"column":7}}],"line":73},"17":{"loc":{"start":{"line":73,"column":10},"end":{"line":73,"column":206}},"type":"binary-expr","locations":[{"start":{"line":73,"column":11},"end":{"line":73,"column":35}},{"start":{"line":73,"column":39},"end":{"line":73,"column":61}},{"start":{"line":73,"column":67},"end":{"line":73,"column":133}},{"start":{"line":73,"column":137},"end":{"line":73,"column":205}}],"line":73},"18":{"loc":{"start":{"line":92,"column":8},"end":{"line":92,"column":57}},"type":"if","locations":[{"start":{"line":92,"column":8},"end":{"line":92,"column":57}},{"start":{"line":92,"column":8},"end":{"line":92,"column":57}}],"line":92},"19":{"loc":{"start":{"line":93,"column":8},"end":{"line":93,"column":49}},"type":"if","locations":[{"start":{"line":93,"column":8},"end":{"line":93,"column":49}},{"start":{"line":93,"column":8},"end":{"line":93,"column":49}}],"line":93},"20":{"loc":{"start":{"line":96,"column":8},"end":{"line":96,"column":93}},"type":"if","locations":[{"start":{"line":96,"column":8},"end":{"line":96,"column":93}},{"start":{"line":96,"column":8},"end":{"line":96,"column":93}}],"line":96},"21":{"loc":{"start":{"line":99,"column":8},"end":{"line":104,"column":9}},"type":"if","locations":[{"start":{"line":99,"column":8},"end":{"line":104,"column":9}},{"start":{"line":99,"column":8},"end":{"line":104,"column":9}}],"line":99},"22":{"loc":{"start":{"line":99,"column":12},"end":{"line":99,"column":71}},"type":"binary-expr","locations":[{"start":{"line":99,"column":12},"end":{"line":99,"column":51}},{"start":{"line":99,"column":55},"end":{"line":99,"column":71}}],"line":99},"23":{"loc":{"start":{"line":110,"column":8},"end":{"line":114,"column":9}},"type":"if","locations":[{"start":{"line":110,"column":8},"end":{"line":114,"column":9}},{"start":{"line":110,"column":8},"end":{"line":114,"column":9}}],"line":110},"24":{"loc":{"start":{"line":110,"column":12},"end":{"line":110,"column":45}},"type":"binary-expr","locations":[{"start":{"line":110,"column":12},"end":{"line":110,"column":25}},{"start":{"line":110,"column":29},"end":{"line":110,"column":45}}],"line":110},"25":{"loc":{"start":{"line":119,"column":6},"end":{"line":126,"column":7}},"type":"if","locations":[{"start":{"line":119,"column":6},"end":{"line":126,"column":7}},{"start":{"line":119,"column":6},"end":{"line":126,"column":7}}],"line":119},"26":{"loc":{"start":{"line":119,"column":10},"end":{"line":119,"column":52}},"type":"binary-expr","locations":[{"start":{"line":119,"column":10},"end":{"line":119,"column":29}},{"start":{"line":119,"column":33},"end":{"line":119,"column":52}}],"line":119}},"s":{"0":1106,"1":0,"2":0,"3":0,"4":0,"5":0,"6":0,"7":0,"8":0,"9":0,"10":0,"11":0,"12":0,"13":0,"14":0,"15":1106,"16":1106,"17":1106,"18":1106,"19":1106,"20":1106,"21":1106,"22":1106,"23":1106,"24":553,"25":553,"26":552,"27":553,"28":553,"29":553,"30":553,"31":554,"32":2,"33":552,"34":553,"35":553,"36":553,"37":553,"38":553,"39":553,"40":553,"41":554,"42":554,"43":554,"44":553,"45":554,"46":1,"47":553,"48":553,"49":553,"50":2,"51":553,"52":553,"53":2,"54":2,"55":2,"56":2,"57":551,"58":551,"59":551,"60":551,"61":250,"62":301,"63":553,"64":553,"65":551,"66":2},"f":{"0":1106,"1":0,"2":0,"3":0,"4":1106,"5":1106,"6":553,"7":553,"8":554,"9":553},"b":{"0":[1106,0,0,0],"1":[0,0],"2":[0,0],"3":[0,0],"4":[0,0],"5":[0,0],"6":[0,0],"7":[0,0],"8":[0,0],"9":[0,0],"10":[0,0,0],"11":[1106,0],"12":[1106,0],"13":[1106,0],"14":[552,1],"15":[553,552,0],"16":[2,552],"17":[554,0,554,554],"18":[553,1],"19":[1,553],"20":[2,551],"21":[2,551],"22":[553,553],"23":[250,301],"24":[551,253],"25":[551,2],"26":[553,2]},"_coverageSchema":"1a1c01bbd47fc00a2c39e90264f33305004495a9","hash":"fa9dde3507fd6359ff40e337cd06a5816c8c88ac"}
}
